16:20:11:849  INFO 13992 --- [main] com.hmall.HMallApplication               : Starting HMallApplication using Java 21.0.4 on LAPTOP-3VBD66PM with PID 13992 (E:\Code Project\Java Project\hmall\hm-service\target\classes started by spunckcore in E:\Code Project\Java Project\hmall)
16:20:11:862 DEBUG 13992 --- [main] com.hmall.HMallApplication               : Running with Spring Boot v2.7.12, Spring v5.3.27
16:20:11:862  INFO 13992 --- [main] com.hmall.HMallApplication               : The following 1 profile is active: "local"
16:20:12:505  INFO 13992 --- [main] .s.d.r.c.RepositoryConfigurationDelegate : Multiple Spring Data modules found, entering strict repository configuration mode
16:20:12:508  INFO 13992 --- [main] .s.d.r.c.RepositoryConfigurationDelegate : Bootstrapping Spring Data Redis repositories in DEFAULT mode.
16:20:12:538  INFO 13992 --- [main] .s.d.r.c.RepositoryConfigurationDelegate : Finished Spring Data repository scanning in 11 ms. Found 0 Redis repository interfaces.
16:20:13:142  INFO 13992 --- [main] o.s.b.w.embedded.tomcat.TomcatWebServer  : Tomcat initialized with port(s): 8080 (http)
16:20:13:145  INFO 13992 --- [main] o.a.catalina.core.AprLifecycleListener   : Loaded Apache Tomcat Native library [1.3.1] using APR version [1.7.4].
16:20:13:145  INFO 13992 --- [main] o.a.catalina.core.AprLifecycleListener   : APR capabilities: IPv6 [true], sendfile [true], accept filters [false], random [true], UDS [true].
16:20:13:145  INFO 13992 --- [main] o.a.catalina.core.AprLifecycleListener   : APR/OpenSSL configuration: useAprConnector [false], useOpenSSL [true]
16:20:13:150  INFO 13992 --- [main] o.a.catalina.core.AprLifecycleListener   : OpenSSL successfully initialized [OpenSSL 3.0.14 4 Jun 2024]
16:20:13:162  INFO 13992 --- [main] o.apache.catalina.core.StandardService   : Starting service [Tomcat]
16:20:13:162  INFO 13992 --- [main] org.apache.catalina.core.StandardEngine  : Starting Servlet engine: [Apache Tomcat/9.0.75]
16:20:13:327  INFO 13992 --- [main] o.a.c.c.C.[Tomcat].[localhost].[/]       : Initializing Spring embedded WebApplicationContext
16:20:13:328  INFO 13992 --- [main] w.s.c.ServletWebServerApplicationContext : Root WebApplicationContext: initialization completed in 1419 ms
16:20:14:671  INFO 13992 --- [main] pertySourcedRequestMappingHandlerMapping : Mapped URL path [/v2/api-docs] onto method [springfox.documentation.swagger2.web.Swagger2ControllerWebMvc#getDocumentation(String, HttpServletRequest)]
16:20:15:031  INFO 13992 --- [main] o.s.b.w.embedded.tomcat.TomcatWebServer  : Tomcat started on port(s): 8080 (http) with context path ''
16:20:15:033  INFO 13992 --- [main] d.s.w.p.DocumentationPluginsBootstrapper : Documentation plugins bootstrapped
16:20:15:036  INFO 13992 --- [main] d.s.w.p.DocumentationPluginsBootstrapper : Found 1 custom documentation plugin(s)
16:20:15:070  INFO 13992 --- [main] s.d.s.w.s.ApiListingReferenceScanner     : Scanning for api listing references
16:20:15:314  INFO 13992 --- [main] com.hmall.HMallApplication               : Started HMallApplication in 3.76 seconds (JVM running for 4.706)
